<?xml version="1.0" encoding="UTF-8"?>
<testsuite xmlns:xsi="http://www.w3.org/2001/XMLSchema-instance" xsi:noNamespaceSchemaLocation="https://maven.apache.org/surefire/maven-surefire-plugin/xsd/surefire-test-report.xsd" version="3.0.2" name="com.ticketwave.TicketOrderSagaOrchestratorTest" time="0.303" tests="9" errors="0" skipped="0" failures="0">
  <properties>
[...]
</properties>
  <testcase name="paymentAuthorized_advancesToTicketIssuance" classname="com.ticketwave.TicketOrderSagaOrchestratorTest" time="0.009">
    <system-out><![CDATA[2026-08-10T00:53:30.577-04:00  INFO 34476 --- [ticketwave-orchestrator] [           main] t.c.s.AnnotationConfigContextLoaderUtils : Could not detect default configuration classes for test class [com.ticketwave.TicketOrderSagaOrchestratorTest]: TicketOrderSagaOrchestratorTest does not declare any static, non-private, non-final, nested classes annotated with @Configuration.
2026-08-10T00:53:30.592-04:00  INFO 34476 --- [ticketwave-orchestrator] [           main] .b.t.c.SpringBootTestContextBootstrapper : Found @SpringBootConfiguration com.ticketwave.TicketwaveOrchestratorApplication for test class com.ticketwave.TicketOrderSagaOrchestratorTest

  .   ____          _            __ _ _
 /\\ / ___'_ __ _ _(_)_ __  __ _ \ \ \ \
( ( )\___ | '_ | '_| | '_ \/ _` | \ \ \ \
 \\/  ___)| |_)| | | | | || (_| |  ) ) ) )
  '  |____| .__|_| |_|_| |_\__, | / / / /
 =========|_|==============|___/=/_/_/_/

 :: Spring Boot ::                (v4.0.0)

2026-08-10T00:53:30.636-04:00  INFO 34476 --- [ticketwave-orchestrator] [           main] c.t.TicketOrderSagaOrchestratorTest      : Starting TicketOrderSagaOrchestratorTest using Java 21.0.9 with PID 34476 (started by Juan in C:\juandev\mdeis\project\complete-version\ticketwave-extract-service\ticketwave-extract-service\ticketwave-orchestrator)
2026-08-10T00:53:30.636-04:00 DEBUG 34476 --- [ticketwave-orchestrator] [           main] c.t.TicketOrderSagaOrchestratorTest      : Running with Spring Boot v4.0.0, Spring v7.0.1
2026-08-10T00:53:30.636-04:00  INFO 34476 --- [ticketwave-orchestrator] [           main] c.t.TicketOrderSagaOrchestratorTest      : The following 1 profile is active: "test"
2026-08-10T00:53:30.837-04:00  INFO 34476 --- [ticketwave-orchestrator] [           main] c.t.TicketOrderSagaOrchestratorTest      : Started TicketOrderSagaOrchestratorTest in 0.239 seconds (process running for 8.646)
]]></system-out>
  </testcase>
  <testcase name="orderCreated_startsSagaAndRequestsPayment" classname="com.ticketwave.TicketOrderSagaOrchestratorTest" time="0.002"/>
  <testcase name="refunded_marksCompensatedSagaAsDone" classname="com.ticketwave.TicketOrderSagaOrchestratorTest" time="0.004"/>
  <testcase name="ticketIssued_advancesToNotification" classname="com.ticketwave.TicketOrderSagaOrchestratorTest" time="0.002"/>
  <testcase name="recover_resendsPendingSteps" classname="com.ticketwave.TicketOrderSagaOrchestratorTest" time="0.003"/>
  <testcase name="duplicateOrderCreated_isIgnored" classname="com.ticketwave.TicketOrderSagaOrchestratorTest" time="0.002"/>
  <testcase name="paymentFailed_requestsOrderCancellation" classname="com.ticketwave.TicketOrderSagaOrchestratorTest" time="0.003"/>
  <testcase name="ticketDeliveryFailed_requestsRefund" classname="com.ticketwave.TicketOrderSagaOrchestratorTest" time="0.002"/>
  <testcase name="notificationSent_completesSaga" classname="com.ticketwave.TicketOrderSagaOrchestratorTest" time="0.002"/>
</testsuite>