<?xml version="1.0" encoding="UTF-8"?>
<testsuite xmlns:xsi="http://www.w3.org/2001/XMLSchema-instance" xsi:noNamespaceSchemaLocation="https://maven.apache.org/surefire/maven-surefire-plugin/xsd/surefire-test-report.xsd" version="3.0.2" name="com.ticketwave.integration.RabbitMqRedisIntegrationTest" time="5.687" tests="1" errors="0" skipped="0" failures="0">
  <properties>
[...]
</properties>
  <testcase name="happyPath_receivesEventsAndPublishesCommandsOverRabbitMq" classname="com.ticketwave.integration.RabbitMqRedisIntegrationTest" time="1.462">
    <system-out><![CDATA[08:05:46.979 [main] INFO org.springframework.test.context.support.AnnotationConfigContextLoaderUtils -- Could not detect default configuration classes for test class [com.ticketwave.integration.RabbitMqRedisIntegrationTest]: RabbitMqRedisIntegrationTest does not declare any static, non-private, non-final, nested classes annotated with @Configuration.
08:05:47.085 [main] INFO org.springframework.boot.test.context.SpringBootTestContextBootstrapper -- Found @SpringBootConfiguration com.ticketwave.TicketwaveOrchestratorApplication for test class com.ticketwave.integration.RabbitMqRedisIntegrationTest

  .   ____          _            __ _ _
 /\\ / ___'_ __ _ _(_)_ __  __ _ \ \ \ \
( ( )\___ | '_ | '_| | '_ \/ _` | \ \ \ \
 \\/  ___)| |_)| | | | | || (_| |  ) ) ) )
  '  |____| .__|_| |_|_| |_\__, | / / / /
 =========|_|==============|___/=/_/_/_/

 :: Spring Boot ::                (v4.0.0)

2026-08-10T08:05:47.558-04:00  INFO 35808 --- [ticketwave-orchestrator] [           main] c.t.i.RabbitMqRedisIntegrationTest       : Starting RabbitMqRedisIntegrationTest using Java 21.0.9 with PID 35808 (started by Juan in C:\juandev\mdeis\project\complete-version\ticketwave-extract-service\ticketwave-extract-service\ticketwave-orchestrator)
2026-08-10T08:05:47.559-04:00 DEBUG 35808 --- [ticketwave-orchestrator] [           main] c.t.i.RabbitMqRedisIntegrationTest       : Running with Spring Boot v4.0.0, Spring v7.0.1
2026-08-10T08:05:47.560-04:00  INFO 35808 --- [ticketwave-orchestrator] [           main] c.t.i.RabbitMqRedisIntegrationTest       : No active profile set, falling back to 1 default profile: "default"
2026-08-10T08:05:49.005-04:00  INFO 35808 --- [ticketwave-orchestrator] [           main] o.s.a.r.c.CachingConnectionFactory       : Attempting to connect to: [localhost:5672]
2026-08-10T08:05:49.093-04:00  INFO 35808 --- [ticketwave-orchestrator] [           main] o.s.a.r.c.CachingConnectionFactory       : Created new connection: rabbitConnectionFactory#ddffa6c:0/SimpleConnection@25ae1f80 [delegate=amqp://guest@127.0.0.1:5672/, localPort=58231]
2026-08-10T08:05:50.024-04:00  INFO 35808 --- [ticketwave-orchestrator] [           main] c.t.i.RabbitMqRedisIntegrationTest       : Started RabbitMqRedisIntegrationTest in 2.8 seconds (process running for 4.232)
2026-08-10T08:05:50.994-04:00  INFO 35808 --- [ticketwave-orchestrator] [           main] c.t.i.bus.RabbitMQEventBusAdapter        : Publishing event [TicketOrderCreated] routingKey=TicketOrderCreated exchange=ticketwave.events
2026-08-10T08:05:51.085-04:00  INFO 35808 --- [ticketwave-orchestrator] [ntContainer#0-1] c.t.i.bus.RabbitMQEventBusAdapter        : Received event [TicketOrderCreated] id=501f76bc-cd49-4aa9-bf6c-a800268993b3 queue=ticketwave.events.orchestrator
2026-08-10T08:05:51.119-04:00  INFO 35808 --- [ticketwave-orchestrator] [ntContainer#0-1] c.t.i.bus.RabbitMQCommandBusAdapter      : Publishing command [ProcessPaymentCommand] routingKey=ProcessPaymentCommand exchange=ticketwave.commands
2026-08-10T08:05:51.131-04:00  INFO 35808 --- [ticketwave-orchestrator] [ntContainer#1-1] c.t.i.bus.RabbitMQCommandBusAdapter      : Received command [ProcessPaymentCommand] commandId=29599814-8075-4a64-bc1f-808b016f2bf4 queue=ticketwave.commands.orchestrator
2026-08-10T08:05:51.151-04:00  INFO 35808 --- [ticketwave-orchestrator] [           main] c.t.i.bus.RabbitMQEventBusAdapter        : Publishing event [PaymentAuthorized] routingKey=PaymentAuthorized exchange=ticketwave.events
2026-08-10T08:05:51.160-04:00  INFO 35808 --- [ticketwave-orchestrator] [ntContainer#0-1] c.t.i.bus.RabbitMQEventBusAdapter        : Received event [PaymentAuthorized] id=2d0eddee-2563-496b-8e8f-4c8573711a8e queue=ticketwave.events.orchestrator
2026-08-10T08:05:51.178-04:00  INFO 35808 --- [ticketwave-orchestrator] [ntContainer#0-1] c.t.i.bus.RabbitMQCommandBusAdapter      : Publishing command [IssueTicketCommand] routingKey=IssueTicketCommand exchange=ticketwave.commands
2026-08-10T08:05:51.185-04:00  INFO 35808 --- [ticketwave-orchestrator] [ntContainer#1-1] c.t.i.bus.RabbitMQCommandBusAdapter      : Received command [IssueTicketCommand] commandId=fd37e7f3-dcb6-403b-b238-bed3adbceb70 queue=ticketwave.commands.orchestrator
2026-08-10T08:05:51.256-04:00  INFO 35808 --- [ticketwave-orchestrator] [           main] c.t.i.bus.RabbitMQEventBusAdapter        : Publishing event [TicketIssued] routingKey=TicketIssued exchange=ticketwave.events
2026-08-10T08:05:51.269-04:00  INFO 35808 --- [ticketwave-orchestrator] [ntContainer#0-1] c.t.i.bus.RabbitMQEventBusAdapter        : Received event [TicketIssued] id=7d754b34-6c3e-45fe-b0fe-5b198563bc28 queue=ticketwave.events.orchestrator
2026-08-10T08:05:51.282-04:00  INFO 35808 --- [ticketwave-orchestrator] [ntContainer#0-1] c.t.i.bus.RabbitMQCommandBusAdapter      : Publishing command [NotifyOrderCommand] routingKey=NotifyOrderCommand exchange=ticketwave.commands
2026-08-10T08:05:51.291-04:00  INFO 35808 --- [ticketwave-orchestrator] [ntContainer#1-1] c.t.i.bus.RabbitMQCommandBusAdapter      : Received command [NotifyOrderCommand] commandId=7824567c-0cfa-4a66-8ea4-f8d29af51334 queue=ticketwave.commands.orchestrator
2026-08-10T08:05:51.365-04:00  INFO 35808 --- [ticketwave-orchestrator] [           main] c.t.i.bus.RabbitMQEventBusAdapter        : Publishing event [NotificationSent] routingKey=NotificationSent exchange=ticketwave.events
2026-08-10T08:05:51.373-04:00  INFO 35808 --- [ticketwave-orchestrator] [ntContainer#0-1] c.t.i.bus.RabbitMQEventBusAdapter        : Received event [NotificationSent] id=384ef2cd-851c-478b-8a4f-905b7bd2573c queue=ticketwave.events.orchestrator
2026-08-10T08:05:51.383-04:00  INFO 35808 --- [ticketwave-orchestrator] [ntContainer#0-1] c.t.i.bus.RabbitMQEventBusAdapter        : Publishing event [TicketOrderCompleted] routingKey=TicketOrderCompleted exchange=ticketwave.events
2026-08-10T08:05:51.394-04:00  INFO 35808 --- [ticketwave-orchestrator] [ntContainer#0-1] c.t.i.bus.RabbitMQEventBusAdapter        : Received event [TicketOrderCompleted] id=5e4bb921-3544-4886-9609-565bca901b76 queue=ticketwave.events.orchestrator
]]></system-out>
    <system-err><![CDATA[Mockito is currently self-attaching to enable the inline-mock-maker. This will no longer work in future releases of the JDK. Please add Mockito as an agent to your build as described in Mockito's documentation: https://javadoc.io/doc/org.mockito/mockito-core/latest/org.mockito/org/mockito/Mockito.html#0.3
WARNING: A Java agent has been loaded dynamically (C:\Users\Juan\.m2\repository\net\bytebuddy\byte-buddy-agent\1.17.8\byte-buddy-agent-1.17.8.jar)
WARNING: If a serviceability tool is in use, please run with -XX:+EnableDynamicAgentLoading to hide this warning
WARNING: If a serviceability tool is not in use, please run with -Djdk.instrument.traceUsage for more information
WARNING: Dynamic loading of agents will be disallowed by default in a future release
]]></system-err>
  </testcase>
</testsuite>